<?xml version="1.0" encoding="UTF-8"?>
<!-- Generated by org.testng.reporters.JUnitReportReporter -->
<testsuite hostname="Allans-MacBook-Air.local" name="week2day1.Login" tests="1" failures="0" timestamp="10 Jun 2018 07:10:48 GMT" time="21.330" errors="0">
  <testcase name="main" time="21.330" classname="week2day1.Login"/>
</testsuite> <!-- week2day1.Login -->
